[22740:16588:0201/145752.897:WARNING:chrome_command_line_pref_store.cc(123)] Additional command-line proxy switches specified when --no-proxy-server was also specified.
[22740:16588:0201/145752.897:WARNING:chrome_command_line_pref_store.cc(123)] Additional command-line proxy switches specified when --no-proxy-server was also specified.
[22740:16588:0201/145752.943:WARNING:chrome_command_line_pref_store.cc(123)] Additional command-line proxy switches specified when --no-proxy-server was also specified.
[22740:8652:0201/145801.523:ERROR:chrome_browser_main_extra_parts_metrics.cc(227)] START: ReportBluetoothAvailability(). If you don't see the END: message, this is crbug.com/1216328.
[22740:8652:0201/145801.523:ERROR:chrome_browser_main_extra_parts_metrics.cc(230)] END: ReportBluetoothAvailability()
[22740:8652:0201/145801.524:ERROR:chrome_browser_main_extra_parts_metrics.cc(235)] START: GetDefaultBrowser(). If you don't see the END: message, this is crbug.com/1216328.
[22740:16588:0201/145801.524:ERROR:device_event_log_impl.cc(214)] [14:58:01.527] USB: usb_device_handle_win.cc:1050 Failed to read descriptor from node connection: A device attached to the system is not functioning. (0x1F)
[22740:16588:0201/145801.527:ERROR:device_event_log_impl.cc(214)] [14:58:01.527] USB: usb_device_handle_win.cc:1050 Failed to read descriptor from node connection: A device attached to the system is not functioning. (0x1F)
[22740:8652:0201/145801.541:ERROR:chrome_browser_main_extra_parts_metrics.cc(239)] END: GetDefaultBrowser()
[22740:16588:0201/145813.813:INFO:CONSOLE(37)] "[object Object]", source: https://provar-trial-org--training.lightning.force.com/libraries/instrumentation/beaconLib.BeaconLibrary.js (37)
[22740:16588:0201/145826.766:INFO:CONSOLE(37)] "[object Object]", source: https://provar-trial-org--training.lightning.force.com/libraries/instrumentation/beaconLib.BeaconLibrary.js (37)
[22740:16588:0201/145827.009:INFO:CONSOLE(37)] "[object Object]", source: https://provar-trial-org--training.lightning.force.com/libraries/instrumentation/beaconLib.BeaconLibrary.js (37)
[22740:16588:0201/145836.690:INFO:CONSOLE(37)] "[object Object]", source: https://provar-trial-org--training.lightning.force.com/libraries/instrumentation/beaconLib.BeaconLibrary.js (37)
[22740:16588:0201/150753.042:WARNING:notification_display_service_impl.cc(281)] Profile not loaded correctly
[22740:16588:0201/150753.042:ERROR:profile_manager.cc(762)] Loading a profile path that does not exist
[22740:16588:0201/152753.043:WARNING:notification_display_service_impl.cc(281)] Profile not loaded correctly
[22740:16588:0201/152753.043:ERROR:profile_manager.cc(762)] Loading a profile path that does not exist
[22740:16588:0201/152753.043:WARNING:notification_display_service_impl.cc(281)] Profile not loaded correctly
[22740:16588:0201/152753.043:ERROR:profile_manager.cc(762)] Loading a profile path that does not exist
[22740:16588:0201/152753.043:WARNING:notification_display_service_impl.cc(281)] Profile not loaded correctly
[22740:16588:0201/152753.043:ERROR:profile_manager.cc(762)] Loading a profile path that does not exist
[22740:16588:0201/153753.061:WARNING:notification_display_service_impl.cc(281)] Profile not loaded correctly
[22740:16588:0201/153753.061:ERROR:profile_manager.cc(762)] Loading a profile path that does not exist
[22740:16588:0201/153753.061:WARNING:notification_display_service_impl.cc(281)] Profile not loaded correctly
[22740:16588:0201/153753.061:ERROR:profile_manager.cc(762)] Loading a profile path that does not exist
[22740:16588:0201/153753.061:WARNING:notification_display_service_impl.cc(281)] Profile not loaded correctly
[22740:16588:0201/153753.061:ERROR:profile_manager.cc(762)] Loading a profile path that does not exist
[22740:16588:0201/153753.061:WARNING:notification_display_service_impl.cc(281)] Profile not loaded correctly
[22740:16588:0201/153753.061:ERROR:profile_manager.cc(762)] Loading a profile path that does not exist
[22740:16588:0201/154151.756:WARNING:pref_notifier_impl.cc(40)] Pref observer for media_router.cast_allow_all_ips found at shutdown.
