[8380:16472:0127/123415.388:WARNING:chrome_command_line_pref_store.cc(123)] Additional command-line proxy switches specified when --no-proxy-server was also specified.
[8380:16472:0127/123415.389:WARNING:chrome_command_line_pref_store.cc(123)] Additional command-line proxy switches specified when --no-proxy-server was also specified.
[8380:16472:0127/123415.425:WARNING:chrome_command_line_pref_store.cc(123)] Additional command-line proxy switches specified when --no-proxy-server was also specified.
[8380:16472:0127/123432.235:INFO:CONSOLE(37)] "[object Object]", source: https://provar-trial-org--training.lightning.force.com/libraries/instrumentation/beaconLib.BeaconLibrary.js (37)
[8380:7600:0127/123434.664:ERROR:chrome_browser_main_extra_parts_metrics.cc(227)] START: ReportBluetoothAvailability(). If you don't see the END: message, this is crbug.com/1216328.
[8380:16472:0127/123434.664:ERROR:device_event_log_impl.cc(214)] [12:34:34.664] USB: usb_device_handle_win.cc:1050 Failed to read descriptor from node connection: A device attached to the system is not functioning. (0x1F)
[8380:7600:0127/123434.665:ERROR:chrome_browser_main_extra_parts_metrics.cc(230)] END: ReportBluetoothAvailability()
[8380:7600:0127/123434.665:ERROR:chrome_browser_main_extra_parts_metrics.cc(235)] START: GetDefaultBrowser(). If you don't see the END: message, this is crbug.com/1216328.
[8380:16472:0127/123434.665:ERROR:device_event_log_impl.cc(214)] [12:34:34.665] USB: usb_device_handle_win.cc:1050 Failed to read descriptor from node connection: A device attached to the system is not functioning. (0x1F)
[8380:7600:0127/123434.671:ERROR:chrome_browser_main_extra_parts_metrics.cc(239)] END: GetDefaultBrowser()
[8380:16472:0127/123441.169:INFO:CONSOLE(37)] "[object Object]", source: https://provar-trial-org--training.lightning.force.com/libraries/instrumentation/beaconLib.BeaconLibrary.js (37)
[8380:16472:0127/123446.766:INFO:CONSOLE(1434)] "[object HTMLDivElement]", source:  (1434)
[8380:16472:0127/123451.583:INFO:CONSOLE(1434)] "[object HTMLElement]", source:  (1434)
[8380:16472:0127/123451.767:INFO:CONSOLE(1434)] "[object HTMLButtonElement]", source:  (1434)
[8380:16472:0127/123452.263:INFO:CONSOLE(1434)] "[object HTMLButtonElement]", source:  (1434)
[8380:16472:0127/123454.144:INFO:CONSOLE(37)] "[object Object]", source: https://provar-trial-org--training.lightning.force.com/libraries/instrumentation/beaconLib.BeaconLibrary.js (37)
[8380:16472:0127/123501.984:INFO:CONSOLE(1434)] "[object HTMLDivElement]", source:  (1434)
[8380:16472:0127/123502.112:INFO:CONSOLE(1434)] "[object HTMLDivElement]", source:  (1434)
[8380:16472:0127/123504.703:INFO:CONSOLE(37)] "[object Object]", source: https://provar-trial-org--training.lightning.force.com/libraries/instrumentation/beaconLib.BeaconLibrary.js (37)
[8380:16472:0127/123508.443:INFO:CONSOLE(1)] "<lightning-icon> Invalid icon name utility:", source: https://provar-trial-org--training.lightning.force.com/components/lightning/icon.js (1)
[8380:16472:0127/123508.980:INFO:CONSOLE(1434)] "[object HTMLDivElement]", source:  (1434)
[8380:16472:0127/123511.733:INFO:CONSOLE(1434)] "[object HTMLElement]", source:  (1434)
[8380:16472:0127/123512.791:INFO:CONSOLE(1434)] "[object HTMLDivElement],[object HTMLSpanElement]", source:  (1434)
[8380:16472:0127/123512.850:INFO:CONSOLE(1434)] "[object HTMLButtonElement]", source:  (1434)
[8380:16472:0127/123522.105:INFO:CONSOLE(1)] "Failed to retrive resource /wbin/www-core/f/g", source: https://www.salesforce.com/etc.bundles/sfdc-www/bundles/webpack-script-manifest-commonlyUsed-js.bundle.8483f2d0e23c6bc829cc.js (1)
[8380:16472:0127/123523.263:INFO:CONSOLE(1)] "console.groupEnd", source: https://s.vmvovm.com/2/2.45.0/main.js (1)
[8380:16472:0127/123523.264:INFO:CONSOLE(1)] "console.groupEnd", source: https://s.vmvovm.com/2/2.45.0/main.js (1)
[8380:16472:0127/123523.264:INFO:CONSOLE(1)] "console.groupEnd", source: https://s.vmvovm.com/2/2.45.0/main.js (1)
[8380:16472:0127/123523.264:INFO:CONSOLE(1)] "console.groupEnd", source: https://s.vmvovm.com/2/2.45.0/main.js (1)
[8380:16472:0127/123523.264:INFO:CONSOLE(1)] "console.groupEnd", source: https://s.vmvovm.com/2/2.45.0/main.js (1)
[8380:16472:0127/123523.264:INFO:CONSOLE(1)] "console.groupEnd", source: https://s.vmvovm.com/2/2.45.0/main.js (1)
[8380:16472:0127/123523.264:INFO:CONSOLE(1)] "console.groupEnd", source: https://s.vmvovm.com/2/2.45.0/main.js (1)
[8380:16472:0127/123523.264:INFO:CONSOLE(1)] "console.groupEnd", source: https://s.vmvovm.com/2/2.45.0/main.js (1)
[8380:16472:0127/123523.264:INFO:CONSOLE(1)] "console.groupEnd", source: https://s.vmvovm.com/2/2.45.0/main.js (1)
[8380:16472:0127/123523.264:INFO:CONSOLE(1)] "console.groupEnd", source: https://s.vmvovm.com/2/2.45.0/main.js (1)
[8380:16472:0127/123523.264:INFO:CONSOLE(1)] "console.groupEnd", source: https://s.vmvovm.com/2/2.45.0/main.js (1)
[8380:16472:0127/123523.264:INFO:CONSOLE(1)] "console.groupEnd", source: https://s.vmvovm.com/2/2.45.0/main.js (1)
[8380:16472:0127/123523.264:INFO:CONSOLE(1)] "console.groupEnd", source: https://s.vmvovm.com/2/2.45.0/main.js (1)
[8380:16472:0127/123523.264:INFO:CONSOLE(1)] "console.groupEnd", source: https://s.vmvovm.com/2/2.45.0/main.js (1)
[8380:16472:0127/123523.264:INFO:CONSOLE(1)] "console.groupEnd", source: https://s.vmvovm.com/2/2.45.0/main.js (1)
[8380:16472:0127/123523.264:INFO:CONSOLE(1)] "console.groupEnd", source: https://s.vmvovm.com/2/2.45.0/main.js (1)
[8380:16472:0127/123523.264:INFO:CONSOLE(1)] "console.groupEnd", source: https://s.vmvovm.com/2/2.45.0/main.js (1)
[8380:16472:0127/123523.264:INFO:CONSOLE(1)] "console.groupEnd", source: https://s.vmvovm.com/2/2.45.0/main.js (1)
[8380:16472:0127/123523.264:INFO:CONSOLE(1)] "console.groupEnd", source: https://s.vmvovm.com/2/2.45.0/main.js (1)
[8380:16472:0127/123523.264:INFO:CONSOLE(1)] "console.groupEnd", source: https://s.vmvovm.com/2/2.45.0/main.js (1)
[8380:16472:0127/123523.264:INFO:CONSOLE(1)] "console.groupEnd", source: https://s.vmvovm.com/2/2.45.0/main.js (1)
[8380:16472:0127/123523.264:INFO:CONSOLE(1)] "console.groupEnd", source: https://s.vmvovm.com/2/2.45.0/main.js (1)
[8380:16472:0127/123523.264:INFO:CONSOLE(1)] "console.groupEnd", source: https://s.vmvovm.com/2/2.45.0/main.js (1)
[8380:16472:0127/123523.264:INFO:CONSOLE(1)] "console.groupEnd", source: https://s.vmvovm.com/2/2.45.0/main.js (1)
[8380:16472:0127/123523.264:INFO:CONSOLE(1)] "console.groupEnd", source: https://s.vmvovm.com/2/2.45.0/main.js (1)
[8380:16472:0127/123523.264:INFO:CONSOLE(1)] "console.groupEnd", source: https://s.vmvovm.com/2/2.45.0/main.js (1)
[8380:16472:0127/123523.264:INFO:CONSOLE(1)] "console.groupEnd", source: https://s.vmvovm.com/2/2.45.0/main.js (1)
[8380:16472:0127/123523.264:INFO:CONSOLE(1)] "console.groupEnd", source: https://s.vmvovm.com/2/2.45.0/main.js (1)
[8380:16472:0127/123523.264:INFO:CONSOLE(1)] "console.groupEnd", source: https://s.vmvovm.com/2/2.45.0/main.js (1)
[8380:16472:0127/123523.264:INFO:CONSOLE(1)] "console.groupEnd", source: https://s.vmvovm.com/2/2.45.0/main.js (1)
[8380:16472:0127/123523.264:INFO:CONSOLE(1)] "console.groupEnd", source: https://s.vmvovm.com/2/2.45.0/main.js (1)
[8380:16472:0127/123523.264:INFO:CONSOLE(1)] "console.groupEnd", source: https://s.vmvovm.com/2/2.45.0/main.js (1)
[8380:16472:0127/123523.264:INFO:CONSOLE(1)] "console.groupEnd", source: https://s.vmvovm.com/2/2.45.0/main.js (1)
[8380:16472:0127/123523.264:INFO:CONSOLE(1)] "console.groupEnd", source: https://s.vmvovm.com/2/2.45.0/main.js (1)
[8380:16472:0127/123523.264:INFO:CONSOLE(1)] "console.groupEnd", source: https://s.vmvovm.com/2/2.45.0/main.js (1)
[8380:16472:0127/123523.264:INFO:CONSOLE(1)] "console.groupEnd", source: https://s.vmvovm.com/2/2.45.0/main.js (1)
[8380:16472:0127/123523.264:INFO:CONSOLE(1)] "console.groupEnd", source: https://s.vmvovm.com/2/2.45.0/main.js (1)
[8380:16472:0127/123523.264:INFO:CONSOLE(1)] "console.groupEnd", source: https://s.vmvovm.com/2/2.45.0/main.js (1)
[8380:16472:0127/123523.264:INFO:CONSOLE(1)] "console.groupEnd", source: https://s.vmvovm.com/2/2.45.0/main.js (1)
[8380:16472:0127/123523.264:INFO:CONSOLE(1)] "console.groupEnd", source: https://s.vmvovm.com/2/2.45.0/main.js (1)
[8380:16472:0127/123523.264:INFO:CONSOLE(1)] "console.groupEnd", source: https://s.vmvovm.com/2/2.45.0/main.js (1)
[8380:16472:0127/123523.264:INFO:CONSOLE(1)] "console.groupEnd", source: https://s.vmvovm.com/2/2.45.0/main.js (1)
[8380:16472:0127/123523.264:INFO:CONSOLE(1)] "console.groupEnd", source: https://s.vmvovm.com/2/2.45.0/main.js (1)
[8380:16472:0127/123523.264:INFO:CONSOLE(1)] "console.groupEnd", source: https://s.vmvovm.com/2/2.45.0/main.js (1)
[8380:16472:0127/123523.264:INFO:CONSOLE(1)] "console.groupEnd", source: https://s.vmvovm.com/2/2.45.0/main.js (1)
[8380:16472:0127/123523.264:INFO:CONSOLE(1)] "console.groupEnd", source: https://s.vmvovm.com/2/2.45.0/main.js (1)
[8380:16472:0127/123523.264:INFO:CONSOLE(1)] "console.groupEnd", source: https://s.vmvovm.com/2/2.45.0/main.js (1)
[8380:16472:0127/123523.264:INFO:CONSOLE(1)] "console.groupEnd", source: https://s.vmvovm.com/2/2.45.0/main.js (1)
[8380:16472:0127/123523.265:INFO:CONSOLE(1)] "console.groupEnd", source: https://s.vmvovm.com/2/2.45.0/main.js (1)
[8380:16472:0127/123523.265:INFO:CONSOLE(1)] "console.groupEnd", source: https://s.vmvovm.com/2/2.45.0/main.js (1)
[8380:16472:0127/123523.265:INFO:CONSOLE(1)] "console.groupEnd", source: https://s.vmvovm.com/2/2.45.0/main.js (1)
[8380:16472:0127/123523.265:INFO:CONSOLE(1)] "console.groupEnd", source: https://s.vmvovm.com/2/2.45.0/main.js (1)
[8380:16472:0127/123523.265:INFO:CONSOLE(1)] "console.groupEnd", source: https://s.vmvovm.com/2/2.45.0/main.js (1)
[8380:16472:0127/123523.265:INFO:CONSOLE(1)] "console.groupEnd", source: https://s.vmvovm.com/2/2.45.0/main.js (1)
[8380:16472:0127/123523.265:INFO:CONSOLE(1)] "console.groupEnd", source: https://s.vmvovm.com/2/2.45.0/main.js (1)
[8380:16472:0127/123523.265:INFO:CONSOLE(1)] "console.groupEnd", source: https://s.vmvovm.com/2/2.45.0/main.js (1)
[8380:16472:0127/123523.265:INFO:CONSOLE(1)] "console.groupEnd", source: https://s.vmvovm.com/2/2.45.0/main.js (1)
[8380:16472:0127/123523.265:INFO:CONSOLE(1)] "console.groupEnd", source: https://s.vmvovm.com/2/2.45.0/main.js (1)
[8380:16472:0127/123523.265:INFO:CONSOLE(1)] "console.groupEnd", source: https://s.vmvovm.com/2/2.45.0/main.js (1)
[8380:16472:0127/123523.265:INFO:CONSOLE(1)] "console.groupEnd", source: https://s.vmvovm.com/2/2.45.0/main.js (1)
[8380:16472:0127/123523.265:INFO:CONSOLE(1)] "console.groupEnd", source: https://s.vmvovm.com/2/2.45.0/main.js (1)
[8380:16472:0127/123523.266:INFO:CONSOLE(1)] "console.groupEnd", source: https://s.vmvovm.com/2/2.45.0/main.js (1)
[8380:16472:0127/123523.266:INFO:CONSOLE(1)] "console.groupEnd", source: https://s.vmvovm.com/2/2.45.0/main.js (1)
[8380:16472:0127/123523.266:INFO:CONSOLE(1)] "console.groupEnd", source: https://s.vmvovm.com/2/2.45.0/main.js (1)
[8380:16472:0127/123523.266:INFO:CONSOLE(1)] "console.groupEnd", source: https://s.vmvovm.com/2/2.45.0/main.js (1)
[8380:16472:0127/123523.266:INFO:CONSOLE(1)] "console.groupEnd", source: https://s.vmvovm.com/2/2.45.0/main.js (1)
[8380:16472:0127/123523.266:INFO:CONSOLE(1)] "console.groupEnd", source: https://s.vmvovm.com/2/2.45.0/main.js (1)
[8380:16472:0127/123523.266:INFO:CONSOLE(1)] "console.groupEnd", source: https://s.vmvovm.com/2/2.45.0/main.js (1)
[8380:16472:0127/123523.266:INFO:CONSOLE(1)] "console.groupEnd", source: https://s.vmvovm.com/2/2.45.0/main.js (1)
[8380:16472:0127/123523.266:INFO:CONSOLE(1)] "console.groupEnd", source: https://s.vmvovm.com/2/2.45.0/main.js (1)
[8380:16472:0127/123523.266:INFO:CONSOLE(1)] "console.groupEnd", source: https://s.vmvovm.com/2/2.45.0/main.js (1)
[8380:16472:0127/123523.266:INFO:CONSOLE(1)] "console.groupEnd", source: https://s.vmvovm.com/2/2.45.0/main.js (1)
[8380:16472:0127/123523.266:INFO:CONSOLE(1)] "console.groupEnd", source: https://s.vmvovm.com/2/2.45.0/main.js (1)
[8380:16472:0127/123523.266:INFO:CONSOLE(1)] "console.groupEnd", source: https://s.vmvovm.com/2/2.45.0/main.js (1)
[8380:16472:0127/123523.266:INFO:CONSOLE(1)] "console.groupEnd", source: https://s.vmvovm.com/2/2.45.0/main.js (1)
[8380:16472:0127/123523.266:INFO:CONSOLE(1)] "console.groupEnd", source: https://s.vmvovm.com/2/2.45.0/main.js (1)
[8380:16472:0127/123523.266:INFO:CONSOLE(1)] "console.groupEnd", source: https://s.vmvovm.com/2/2.45.0/main.js (1)
[8380:16472:0127/123523.266:INFO:CONSOLE(1)] "console.groupEnd", source: https://s.vmvovm.com/2/2.45.0/main.js (1)
[8380:16472:0127/123523.266:INFO:CONSOLE(1)] "console.groupEnd", source: https://s.vmvovm.com/2/2.45.0/main.js (1)
[8380:16472:0127/123523.266:INFO:CONSOLE(1)] "console.groupEnd", source: https://s.vmvovm.com/2/2.45.0/main.js (1)
[8380:16472:0127/123523.266:INFO:CONSOLE(1)] "console.groupEnd", source: https://s.vmvovm.com/2/2.45.0/main.js (1)
[8380:16472:0127/123523.266:INFO:CONSOLE(1)] "console.groupEnd", source: https://s.vmvovm.com/2/2.45.0/main.js (1)
[8380:16472:0127/123523.266:INFO:CONSOLE(1)] "console.groupEnd", source: https://s.vmvovm.com/2/2.45.0/main.js (1)
[8380:16472:0127/123523.266:INFO:CONSOLE(1)] "console.groupEnd", source: https://s.vmvovm.com/2/2.45.0/main.js (1)
[8380:16472:0127/123523.266:INFO:CONSOLE(1)] "console.groupEnd", source: https://s.vmvovm.com/2/2.45.0/main.js (1)
[8380:16472:0127/123523.266:INFO:CONSOLE(1)] "console.groupEnd", source: https://s.vmvovm.com/2/2.45.0/main.js (1)
[8380:16472:0127/123523.266:INFO:CONSOLE(1)] "console.groupEnd", source: https://s.vmvovm.com/2/2.45.0/main.js (1)
[8380:16472:0127/123523.266:INFO:CONSOLE(1)] "console.groupEnd", source: https://s.vmvovm.com/2/2.45.0/main.js (1)
[8380:16472:0127/123523.266:INFO:CONSOLE(1)] "console.groupEnd", source: https://s.vmvovm.com/2/2.45.0/main.js (1)
[8380:16472:0127/123523.266:INFO:CONSOLE(1)] "console.groupEnd", source: https://s.vmvovm.com/2/2.45.0/main.js (1)
[8380:16472:0127/123523.266:INFO:CONSOLE(1)] "console.groupEnd", source: https://s.vmvovm.com/2/2.45.0/main.js (1)
[8380:16472:0127/123523.266:INFO:CONSOLE(1)] "console.groupEnd", source: https://s.vmvovm.com/2/2.45.0/main.js (1)
[8380:16472:0127/123523.266:INFO:CONSOLE(1)] "console.groupEnd", source: https://s.vmvovm.com/2/2.45.0/main.js (1)
[8380:16472:0127/123523.266:INFO:CONSOLE(1)] "console.groupEnd", source: https://s.vmvovm.com/2/2.45.0/main.js (1)
[8380:16472:0127/123523.266:INFO:CONSOLE(1)] "console.groupEnd", source: https://s.vmvovm.com/2/2.45.0/main.js (1)
[8380:16472:0127/123523.267:INFO:CONSOLE(1)] "console.groupEnd", source: https://s.vmvovm.com/2/2.45.0/main.js (1)
[8380:16472:0127/123523.267:INFO:CONSOLE(1)] "console.groupEnd", source: https://s.vmvovm.com/2/2.45.0/main.js (1)
[8380:16472:0127/123523.267:INFO:CONSOLE(1)] "console.groupEnd", source: https://s.vmvovm.com/2/2.45.0/main.js (1)
[8380:16472:0127/123523.267:INFO:CONSOLE(1)] "console.groupEnd", source: https://s.vmvovm.com/2/2.45.0/main.js (1)
[8380:16472:0127/123523.267:INFO:CONSOLE(1)] "console.groupEnd", source: https://s.vmvovm.com/2/2.45.0/main.js (1)
[8380:16472:0127/123523.267:INFO:CONSOLE(1)] "console.groupEnd", source: https://s.vmvovm.com/2/2.45.0/main.js (1)
[8380:16472:0127/123523.267:INFO:CONSOLE(1)] "console.groupEnd", source: https://s.vmvovm.com/2/2.45.0/main.js (1)
[8380:16472:0127/123523.267:INFO:CONSOLE(1)] "console.groupEnd", source: https://s.vmvovm.com/2/2.45.0/main.js (1)
[8380:16472:0127/123523.267:INFO:CONSOLE(1)] "console.groupEnd", source: https://s.vmvovm.com/2/2.45.0/main.js (1)
[8380:16472:0127/123523.267:INFO:CONSOLE(1)] "console.groupEnd", source: https://s.vmvovm.com/2/2.45.0/main.js (1)
[8380:16472:0127/123523.267:INFO:CONSOLE(1)] "console.groupEnd", source: https://s.vmvovm.com/2/2.45.0/main.js (1)
[8380:16472:0127/123523.267:INFO:CONSOLE(1)] "console.groupEnd", source: https://s.vmvovm.com/2/2.45.0/main.js (1)
[8380:16472:0127/123523.267:INFO:CONSOLE(1)] "console.groupEnd", source: https://s.vmvovm.com/2/2.45.0/main.js (1)
[8380:16472:0127/123523.267:INFO:CONSOLE(1)] "console.groupEnd", source: https://s.vmvovm.com/2/2.45.0/main.js (1)
[8380:16472:0127/123523.267:INFO:CONSOLE(1)] "console.groupEnd", source: https://s.vmvovm.com/2/2.45.0/main.js (1)
[8380:16472:0127/123523.267:INFO:CONSOLE(1)] "console.groupEnd", source: https://s.vmvovm.com/2/2.45.0/main.js (1)
[8380:16472:0127/123523.269:INFO:CONSOLE(1)] "console.groupEnd", source: https://s.vmvovm.com/2/2.45.0/main.js (1)
[8380:16472:0127/123523.269:INFO:CONSOLE(1)] "console.groupEnd", source: https://s.vmvovm.com/2/2.45.0/main.js (1)
[8380:16472:0127/123523.269:INFO:CONSOLE(1)] "console.groupEnd", source: https://s.vmvovm.com/2/2.45.0/main.js (1)
[8380:16472:0127/123523.269:INFO:CONSOLE(1)] "console.groupEnd", source: https://s.vmvovm.com/2/2.45.0/main.js (1)
[8380:16472:0127/123523.269:INFO:CONSOLE(1)] "console.groupEnd", source: https://s.vmvovm.com/2/2.45.0/main.js (1)
[8380:16472:0127/123523.269:INFO:CONSOLE(1)] "console.groupEnd", source: https://s.vmvovm.com/2/2.45.0/main.js (1)
[8380:16472:0127/123523.269:INFO:CONSOLE(1)] "console.groupEnd", source: https://s.vmvovm.com/2/2.45.0/main.js (1)
[8380:16472:0127/123523.269:INFO:CONSOLE(1)] "console.groupEnd", source: https://s.vmvovm.com/2/2.45.0/main.js (1)
[8380:16472:0127/123523.269:INFO:CONSOLE(1)] "console.groupEnd", source: https://s.vmvovm.com/2/2.45.0/main.js (1)
[8380:16472:0127/123523.269:INFO:CONSOLE(1)] "console.groupEnd", source: https://s.vmvovm.com/2/2.45.0/main.js (1)
[8380:16472:0127/123523.269:INFO:CONSOLE(1)] "console.groupEnd", source: https://s.vmvovm.com/2/2.45.0/main.js (1)
[8380:16472:0127/123523.269:INFO:CONSOLE(1)] "console.groupEnd", source: https://s.vmvovm.com/2/2.45.0/main.js (1)
[8380:16472:0127/123523.269:INFO:CONSOLE(1)] "console.groupEnd", source: https://s.vmvovm.com/2/2.45.0/main.js (1)
[8380:16472:0127/123523.269:INFO:CONSOLE(1)] "console.groupEnd", source: https://s.vmvovm.com/2/2.45.0/main.js (1)
[8380:16472:0127/123523.269:INFO:CONSOLE(1)] "console.groupEnd", source: https://s.vmvovm.com/2/2.45.0/main.js (1)
[8380:16472:0127/123523.269:INFO:CONSOLE(1)] "console.groupEnd", source: https://s.vmvovm.com/2/2.45.0/main.js (1)
[8380:16472:0127/123523.269:INFO:CONSOLE(1)] "console.groupEnd", source: https://s.vmvovm.com/2/2.45.0/main.js (1)
[8380:16472:0127/123523.269:INFO:CONSOLE(1)] "console.groupEnd", source: https://s.vmvovm.com/2/2.45.0/main.js (1)
[8380:16472:0127/123523.269:INFO:CONSOLE(1)] "console.groupEnd", source: https://s.vmvovm.com/2/2.45.0/main.js (1)
[8380:16472:0127/123523.269:INFO:CONSOLE(1)] "console.groupEnd", source: https://s.vmvovm.com/2/2.45.0/main.js (1)
[8380:16472:0127/123523.269:INFO:CONSOLE(1)] "console.groupEnd", source: https://s.vmvovm.com/2/2.45.0/main.js (1)
[8380:16472:0127/123523.269:INFO:CONSOLE(1)] "console.groupEnd", source: https://s.vmvovm.com/2/2.45.0/main.js (1)
[8380:16472:0127/123523.269:INFO:CONSOLE(1)] "console.groupEnd", source: https://s.vmvovm.com/2/2.45.0/main.js (1)
[8380:16472:0127/123523.269:INFO:CONSOLE(1)] "console.groupEnd", source: https://s.vmvovm.com/2/2.45.0/main.js (1)
[8380:16472:0127/123523.269:INFO:CONSOLE(1)] "console.groupEnd", source: https://s.vmvovm.com/2/2.45.0/main.js (1)
[8380:16472:0127/123523.269:INFO:CONSOLE(1)] "console.groupEnd", source: https://s.vmvovm.com/2/2.45.0/main.js (1)
[8380:16472:0127/123523.269:INFO:CONSOLE(1)] "console.groupEnd", source: https://s.vmvovm.com/2/2.45.0/main.js (1)
[8380:16472:0127/123523.269:INFO:CONSOLE(1)] "console.groupEnd", source: https://s.vmvovm.com/2/2.45.0/main.js (1)
[8380:16472:0127/123523.269:INFO:CONSOLE(1)] "console.groupEnd", source: https://s.vmvovm.com/2/2.45.0/main.js (1)
[8380:16472:0127/123523.269:INFO:CONSOLE(1)] "console.groupEnd", source: https://s.vmvovm.com/2/2.45.0/main.js (1)
[8380:16472:0127/123523.269:INFO:CONSOLE(1)] "console.groupEnd", source: https://s.vmvovm.com/2/2.45.0/main.js (1)
[8380:16472:0127/123523.269:INFO:CONSOLE(1)] "console.groupEnd", source: https://s.vmvovm.com/2/2.45.0/main.js (1)
[8380:16472:0127/123523.269:INFO:CONSOLE(1)] "console.groupEnd", source: https://s.vmvovm.com/2/2.45.0/main.js (1)
[8380:16472:0127/123523.270:INFO:CONSOLE(1)] "console.groupEnd", source: https://s.vmvovm.com/2/2.45.0/main.js (1)
[8380:16472:0127/123523.270:INFO:CONSOLE(1)] "console.groupEnd", source: https://s.vmvovm.com/2/2.45.0/main.js (1)
[8380:16472:0127/123523.270:INFO:CONSOLE(1)] "console.groupEnd", source: https://s.vmvovm.com/2/2.45.0/main.js (1)
[8380:16472:0127/123523.270:INFO:CONSOLE(1)] "console.groupEnd", source: https://s.vmvovm.com/2/2.45.0/main.js (1)
[8380:16472:0127/123523.270:INFO:CONSOLE(1)] "console.groupEnd", source: https://s.vmvovm.com/2/2.45.0/main.js (1)
[8380:16472:0127/123523.270:INFO:CONSOLE(1)] "console.groupEnd", source: https://s.vmvovm.com/2/2.45.0/main.js (1)
[8380:16472:0127/123523.270:INFO:CONSOLE(1)] "console.groupEnd", source: https://s.vmvovm.com/2/2.45.0/main.js (1)
[8380:16472:0127/123523.270:INFO:CONSOLE(1)] "console.groupEnd", source: https://s.vmvovm.com/2/2.45.0/main.js (1)
[8380:16472:0127/123523.270:INFO:CONSOLE(1)] "console.groupEnd", source: https://s.vmvovm.com/2/2.45.0/main.js (1)
[8380:16472:0127/123523.270:INFO:CONSOLE(1)] "console.groupEnd", source: https://s.vmvovm.com/2/2.45.0/main.js (1)
[8380:16472:0127/123523.270:INFO:CONSOLE(1)] "console.groupEnd", source: https://s.vmvovm.com/2/2.45.0/main.js (1)
[8380:16472:0127/123523.270:INFO:CONSOLE(1)] "console.groupEnd", source: https://s.vmvovm.com/2/2.45.0/main.js (1)
[8380:16472:0127/123523.767:WARNING:pref_notifier_impl.cc(40)] Pref observer for media_router.cast_allow_all_ips found at shutdown.
